<?xml version="1.0" encoding="UTF-8"?>
<testng-results skipped="0" failed="0" ignored="0" total="4" passed="4">
  <reporter-output>
  </reporter-output>
  <suite name="Default suite" duration-ms="12811" started-at="2019-05-10T04:39:45Z" finished-at="2019-05-10T04:39:58Z">
    <groups>
    </groups>
    <test name="Default test" duration-ms="12811" started-at="2019-05-10T04:39:45Z" finished-at="2019-05-10T04:39:58Z">
      <class name="API.Test.SimpleGetTest">
        <test-method status="PASS" signature="IteratingOverHeaders()[pri:0, instance:API.Test.SimpleGetTest@1d057a39]" name="IteratingOverHeaders" duration-ms="11689" started-at="2019-05-10T04:39:45Z" finished-at="2019-05-10T04:39:57Z">
          <reporter-output>
          </reporter-output>
        </test-method> <!-- IteratingOverHeaders -->
        <test-method status="PASS" signature="getHeader()[pri:0, instance:API.Test.SimpleGetTest@1d057a39]" name="getHeader" duration-ms="300" started-at="2019-05-10T04:39:57Z" finished-at="2019-05-10T04:39:57Z">
          <reporter-output>
          </reporter-output>
        </test-method> <!-- getHeader -->
        <test-method status="PASS" signature="getStatusLine()[pri:0, instance:API.Test.SimpleGetTest@1d057a39]" name="getStatusLine" duration-ms="344" started-at="2019-05-10T04:39:57Z" finished-at="2019-05-10T04:39:57Z">
          <reporter-output>
          </reporter-output>
        </test-method> <!-- getStatusLine -->
        <test-method status="PASS" signature="getValidateStatus()[pri:0, instance:API.Test.SimpleGetTest@1d057a39]" name="getValidateStatus" duration-ms="354" started-at="2019-05-10T04:39:57Z" finished-at="2019-05-10T04:39:58Z">
          <reporter-output>
          </reporter-output>
        </test-method> <!-- getValidateStatus -->
      </class> <!-- API.Test.SimpleGetTest -->
    </test> <!-- Default test -->
  </suite> <!-- Default suite -->
</testng-results>
